Performing C SOURCE FILE Test CMAKE_HAVE_LIBC_PTHREAD failed with the following output:
Change Dir: /home/ludfra-7/git/gitlab/Nätverksprogrammering/D0036D/Lab 4/Spelprotokoll_server_linux/build/CMakeFiles/CMakeTmp

Run Build Command(s):/usr/bin/make cmTC_6d7df/fast && /usr/bin/make -f CMakeFiles/cmTC_6d7df.dir/build.make CMakeFiles/cmTC_6d7df.dir/build
make[1]: Entering directory '/home/ludfra-7/git/gitlab/Nätverksprogrammering/D0036D/Lab 4/Spelprotokoll_server_linux/build/CMakeFiles/CMakeTmp'
Building C object CMakeFiles/cmTC_6d7df.dir/src.c.o
/usr/bin/gcc   -DCMAKE_HAVE_LIBC_PTHREAD   -o CMakeFiles/cmTC_6d7df.dir/src.c.o   -c "/home/ludfra-7/git/gitlab/Nätverksprogrammering/D0036D/Lab 4/Spelprotokoll_server_linux/build/CMakeFiles/CMakeTmp/src.c"
Linking C executable cmTC_6d7df
/var/lib/snapd/snap/cmake/89/bin/cmake -E cmake_link_script CMakeFiles/cmTC_6d7df.dir/link.txt --verbose=1
/usr/bin/gcc  -DCMAKE_HAVE_LIBC_PTHREAD    -rdynamic CMakeFiles/cmTC_6d7df.dir/src.c.o  -o cmTC_6d7df 
/usr/bin/ld: CMakeFiles/cmTC_6d7df.dir/src.c.o: in function `main':
src.c:(.text+0x3e): undefined reference to `pthread_create'
/usr/bin/ld: src.c:(.text+0x4a): undefined reference to `pthread_detach'
/usr/bin/ld: src.c:(.text+0x5b): undefined reference to `pthread_join'
collect2: error: ld returned 1 exit status
make[1]: *** [CMakeFiles/cmTC_6d7df.dir/build.make:87: cmTC_6d7df] Error 1
make[1]: Leaving directory '/home/ludfra-7/git/gitlab/Nätverksprogrammering/D0036D/Lab 4/Spelprotokoll_server_linux/build/CMakeFiles/CMakeTmp'
make: *** [Makefile:121: cmTC_6d7df/fast] Error 2


Source file was:
#include <pthread.h>

void* test_func(void* data)
{
  return data;
}

int main(void)
{
  pthread_t thread;
  pthread_create(&thread, NULL, test_func, NULL);
  pthread_detach(thread);
  pthread_join(thread, NULL);
  pthread_atfork(NULL, NULL, NULL);
  pthread_exit(NULL);

  return 0;
}

Determining if the function pthread_create exists in the pthreads failed with the following output:
Change Dir: /home/ludfra-7/git/gitlab/Nätverksprogrammering/D0036D/Lab 4/Spelprotokoll_server_linux/build/CMakeFiles/CMakeTmp

Run Build Command(s):/usr/bin/make cmTC_4a6ec/fast && /usr/bin/make -f CMakeFiles/cmTC_4a6ec.dir/build.make CMakeFiles/cmTC_4a6ec.dir/build
make[1]: Entering directory '/home/ludfra-7/git/gitlab/Nätverksprogrammering/D0036D/Lab 4/Spelprotokoll_server_linux/build/CMakeFiles/CMakeTmp'
Building C object CMakeFiles/cmTC_4a6ec.dir/CheckFunctionExists.c.o
/usr/bin/gcc   -DCHECK_FUNCTION_EXISTS=pthread_create   -o CMakeFiles/cmTC_4a6ec.dir/CheckFunctionExists.c.o   -c /var/lib/snapd/snap/cmake/89/share/cmake-3.15/Modules/CheckFunctionExists.c
Linking C executable cmTC_4a6ec
/var/lib/snapd/snap/cmake/89/bin/cmake -E cmake_link_script CMakeFiles/cmTC_4a6ec.dir/link.txt --verbose=1
/usr/bin/gcc  -DCHECK_FUNCTION_EXISTS=pthread_create    -rdynamic CMakeFiles/cmTC_4a6ec.dir/CheckFunctionExists.c.o  -o cmTC_4a6ec -lpthreads 
/usr/bin/ld: cannot find -lpthreads
collect2: error: ld returned 1 exit status
make[1]: *** [CMakeFiles/cmTC_4a6ec.dir/build.make:87: cmTC_4a6ec] Error 1
make[1]: Leaving directory '/home/ludfra-7/git/gitlab/Nätverksprogrammering/D0036D/Lab 4/Spelprotokoll_server_linux/build/CMakeFiles/CMakeTmp'
make: *** [Makefile:121: cmTC_4a6ec/fast] Error 2



