Performing C SOURCE FILE Test CMAKE_HAVE_LIBC_PTHREAD failed with the following output:
Change Dir: /home/ludfra-7/git/gitlab/Nätverksprogrammering/D0036D/Lab 4/build/CMakeFiles/CMakeTmp

Run Build Command(s):/usr/bin/make cmTC_dfc0a/fast && /usr/bin/make -f CMakeFiles/cmTC_dfc0a.dir/build.make CMakeFiles/cmTC_dfc0a.dir/build
make[1]: Entering directory '/home/ludfra-7/git/gitlab/Nätverksprogrammering/D0036D/Lab 4/build/CMakeFiles/CMakeTmp'
Building C object CMakeFiles/cmTC_dfc0a.dir/src.c.o
/usr/bin/gcc   -DCMAKE_HAVE_LIBC_PTHREAD   -o CMakeFiles/cmTC_dfc0a.dir/src.c.o   -c "/home/ludfra-7/git/gitlab/Nätverksprogrammering/D0036D/Lab 4/build/CMakeFiles/CMakeTmp/src.c"
Linking C executable cmTC_dfc0a
/var/lib/snapd/snap/cmake/89/bin/cmake -E cmake_link_script CMakeFiles/cmTC_dfc0a.dir/link.txt --verbose=1
/usr/bin/gcc  -DCMAKE_HAVE_LIBC_PTHREAD    -rdynamic CMakeFiles/cmTC_dfc0a.dir/src.c.o  -o cmTC_dfc0a 
/usr/bin/ld: CMakeFiles/cmTC_dfc0a.dir/src.c.o: in function `main':
src.c:(.text+0x3e): undefined reference to `pthread_create'
/usr/bin/ld: src.c:(.text+0x4a): undefined reference to `pthread_detach'
/usr/bin/ld: src.c:(.text+0x5b): undefined reference to `pthread_join'
collect2: error: ld returned 1 exit status
make[1]: *** [CMakeFiles/cmTC_dfc0a.dir/build.make:87: cmTC_dfc0a] Error 1
make[1]: Leaving directory '/home/ludfra-7/git/gitlab/Nätverksprogrammering/D0036D/Lab 4/build/CMakeFiles/CMakeTmp'
make: *** [Makefile:121: cmTC_dfc0a/fast] Error 2


Source file was:
#include <pthread.h>

void* test_func(void* data)
{
  return data;
}

int main(void)
{
  pthread_t thread;
  pthread_create(&thread, NULL, test_func, NULL);
  pthread_detach(thread);
  pthread_join(thread, NULL);
  pthread_atfork(NULL, NULL, NULL);
  pthread_exit(NULL);

  return 0;
}

Determining if the function pthread_create exists in the pthreads failed with the following output:
Change Dir: /home/ludfra-7/git/gitlab/Nätverksprogrammering/D0036D/Lab 4/build/CMakeFiles/CMakeTmp

Run Build Command(s):/usr/bin/make cmTC_528a3/fast && /usr/bin/make -f CMakeFiles/cmTC_528a3.dir/build.make CMakeFiles/cmTC_528a3.dir/build
make[1]: Entering directory '/home/ludfra-7/git/gitlab/Nätverksprogrammering/D0036D/Lab 4/build/CMakeFiles/CMakeTmp'
Building C object CMakeFiles/cmTC_528a3.dir/CheckFunctionExists.c.o
/usr/bin/gcc   -DCHECK_FUNCTION_EXISTS=pthread_create   -o CMakeFiles/cmTC_528a3.dir/CheckFunctionExists.c.o   -c /var/lib/snapd/snap/cmake/89/share/cmake-3.15/Modules/CheckFunctionExists.c
Linking C executable cmTC_528a3
/var/lib/snapd/snap/cmake/89/bin/cmake -E cmake_link_script CMakeFiles/cmTC_528a3.dir/link.txt --verbose=1
/usr/bin/gcc  -DCHECK_FUNCTION_EXISTS=pthread_create    -rdynamic CMakeFiles/cmTC_528a3.dir/CheckFunctionExists.c.o  -o cmTC_528a3 -lpthreads 
/usr/bin/ld: cannot find -lpthreads
collect2: error: ld returned 1 exit status
make[1]: *** [CMakeFiles/cmTC_528a3.dir/build.make:87: cmTC_528a3] Error 1
make[1]: Leaving directory '/home/ludfra-7/git/gitlab/Nätverksprogrammering/D0036D/Lab 4/build/CMakeFiles/CMakeTmp'
make: *** [Makefile:121: cmTC_528a3/fast] Error 2



